Removed Pin From Net: NetName=Net_8 Pin=R1-1
Added Component: Designator=P1(PIN)
Add component (AddParameter): Name = "Contact material"; Value = "Tinplatedbrass"; VariantName = "[No Variations]"
Add component (AddParameter): Name = "Current - Max"; Value = "4A"; VariantName = "[No Variations]"
Add component (AddParameter): Name = "Current rating"; Value = "4A"; VariantName = "[No Variations]"
Add component (AddParameter): Name = "Datasheet URL"; Value = "http://www.molex.com/pdm_docs/sd/022272021_sd.pdf"; VariantName = "[No Variations]"
Add component (AddParameter): Name = "Datasheet Version"; Value = "Rev. F, 06/2009"; VariantName = "[No Variations]"
Add component (AddParameter): Name = "Housing material"; Value = "Nylon(UL94V-0)"; VariantName = "[No Variations]"
Add component (AddParameter): Name = "Manufacturer"; Value = "Molex"; VariantName = "[No Variations]"
Add component (AddParameter): Name = "Manufacturer URL"; Value = "http://www.molex.com/"; VariantName = "[No Variations]"
Add component (AddParameter): Name = "Mounting Technology"; Value = "ThroughHole"; VariantName = "[No Variations]"
Add component (AddParameter): Name = "No. of Positions"; Value = "2"; VariantName = "[No Variations]"
Add component (AddParameter): Name = "No. of Rows"; Value = "1"; VariantName = "[No Variations]"
Add component (AddParameter): Name = "Operating temperature"; Value = "0°Cto+75°C"; VariantName = "[No Variations]"
Add component (AddParameter): Name = "Orientation"; Value = "Vertical"; VariantName = "[No Variations]"
Add component (AddParameter): Name = "Package Description"; Value = "2-Leads Header, Body 5.08 x 5.8 mm, Pitch 2.54 mm"; VariantName = "[No Variations]"
Add component (AddParameter): Name = "Package Reference"; Value = "22-27-2021"; VariantName = "[No Variations]"
Add component (AddParameter): Name = "Package Version"; Value = "Rev. BC, 02/2012"; VariantName = "[No Variations]"
Add component (AddParameter): Name = "PartNumber"; Value = "0022272021"; VariantName = "[No Variations]"
Add component (AddParameter): Name = "Pitch"; Value = "2.54mm"; VariantName = "[No Variations]"
Add component (AddParameter): Name = "Voltage - Max"; Value = "250V"; VariantName = "[No Variations]"
Add component (AddParameter): Name = "Voltage rating"; Value = "250V"; VariantName = "[No Variations]"
Added Component: Designator=P2(PIN)
Add component (AddParameter): Name = "Contact material"; Value = "Tinplatedbrass"; VariantName = "[No Variations]"
Add component (AddParameter): Name = "Current - Max"; Value = "4A"; VariantName = "[No Variations]"
Add component (AddParameter): Name = "Current rating"; Value = "4A"; VariantName = "[No Variations]"
Add component (AddParameter): Name = "Datasheet URL"; Value = "http://www.molex.com/pdm_docs/sd/022272021_sd.pdf"; VariantName = "[No Variations]"
Add component (AddParameter): Name = "Datasheet Version"; Value = "Rev. F, 06/2009"; VariantName = "[No Variations]"
Add component (AddParameter): Name = "Housing material"; Value = "Nylon(UL94V-0)"; VariantName = "[No Variations]"
Add component (AddParameter): Name = "Manufacturer"; Value = "Molex"; VariantName = "[No Variations]"
Add component (AddParameter): Name = "Manufacturer URL"; Value = "http://www.molex.com/"; VariantName = "[No Variations]"
Add component (AddParameter): Name = "Mounting Technology"; Value = "ThroughHole"; VariantName = "[No Variations]"
Add component (AddParameter): Name = "No. of Positions"; Value = "2"; VariantName = "[No Variations]"
Add component (AddParameter): Name = "No. of Rows"; Value = "1"; VariantName = "[No Variations]"
Add component (AddParameter): Name = "Operating temperature"; Value = "0°Cto+75°C"; VariantName = "[No Variations]"
Add component (AddParameter): Name = "Orientation"; Value = "Vertical"; VariantName = "[No Variations]"
Add component (AddParameter): Name = "Package Description"; Value = "2-Leads Header, Body 5.08 x 5.8 mm, Pitch 2.54 mm"; VariantName = "[No Variations]"
Add component (AddParameter): Name = "Package Reference"; Value = "22-27-2021"; VariantName = "[No Variations]"
Add component (AddParameter): Name = "Package Version"; Value = "Rev. BC, 02/2012"; VariantName = "[No Variations]"
Add component (AddParameter): Name = "PartNumber"; Value = "0022272021"; VariantName = "[No Variations]"
Add component (AddParameter): Name = "Pitch"; Value = "2.54mm"; VariantName = "[No Variations]"
Add component (AddParameter): Name = "Voltage - Max"; Value = "250V"; VariantName = "[No Variations]"
Add component (AddParameter): Name = "Voltage rating"; Value = "250V"; VariantName = "[No Variations]"
Added Pin To Net: NetName=Net_8 Pin=P1-1
Added Pin To Net: NetName=Net_16 Pin=P1-2
Added Pin To Net: NetName=Net_8 Pin=P2-1
Added Pin To Net: NetName=Net_3 Pin=P2-2
Added Pin To Net: NetName=GND Pin=-2
Added Pin To Net: NetName=GND Pin=-4
Added Pin To Net: NetName=GND Pin=-7
Added Pin To Net: NetName=GND Pin=-9
Added Pin To Net: NetName=GND Pin=-12
Added Pin To Net: NetName=GND Pin=-15
Added Net: Name=GND
